#
# A fatal error has been detected by the Java Runtime Environment:
#
#  EXCEPTION_ACCESS_VIOLATION (0xc0000005) at pc=0x00007fff4e9c9b5b, pid=5112, tid=15296
#
# JRE version: Java(TM) SE Runtime Environment (13.0.1+9) (build 13.0.1+9)
# Java VM: Java HotSpot(TM) 64-Bit Server VM (13.0.1+9, mixed mode, sharing, tiered, compressed oops, g1 gc, windows-amd64)
# Problematic frame:
# V  [jvm.dll+0x6a9b5b]
#
# No core dump will be written. Minidumps are not enabled by default on client versions of Windows
#
# If you would like to submit a bug report, please visit:
#   http://bugreport.java.com/bugreport/crash.jsp
#

---------------  S U M M A R Y ------------

Command Line: -agentlib:jdwp=transport=dt_socket,suspend=y,address=localhost:63790 -Dcom.sun.management.jmxremote -Dcom.sun.management.jmxremote.port=63788 -Dcom.sun.management.jmxremote.authenticate=false -Dcom.sun.management.jmxremote.ssl=false -Djava.rmi.server.hostname=localhost -Dspring.jmx.enabled=true -Dspring.application.admin.enabled=true -Xverify:none -XX:TieredStopAtLevel=1 -Dspring.boot.project.name=SpringbootH2Database -Dfile.encoding=UTF-8 com.springboot.h2.Appmain

Host: Intel(R) Core(TM) i5-4210U CPU @ 1.70GHz, 4 cores, 11G,  Windows 10 , 64 bit Build 19041 (10.0.19041.662)
Time: Wed Dec 23 17:29:30 2020 India Standard Time elapsed time: 645 seconds (0d 0h 10m 45s)

---------------  T H R E A D  ---------------

Current thread (0x0000017bac9c2800):  JavaThread "JDWP Transport Listener: dt_socket" daemon [_thread_in_vm, id=15296, stack(0x000000252a300000,0x000000252a400000)] _threads_hazard_ptr=0x0000017baec6b740

Stack: [0x000000252a300000,0x000000252a400000],  sp=0x000000252a3feb40,  free space=1018k
Native frames: (J=compiled Java code, j=interpreted, Vv=VM code, C=native code)
V  [jvm.dll+0x6a9b5b]
V  [jvm.dll+0x331b03]
V  [jvm.dll+0x33381b]
V  [jvm.dll+0x3340ee]
V  [jvm.dll+0x33195c]
V  [jvm.dll+0x330b92]
V  [jvm.dll+0x6160a5]
V  [jvm.dll+0x615e2d]
V  [jvm.dll+0x5df993]
V  [jvm.dll+0x76a37f]
V  [jvm.dll+0x4f8226]
V  [jvm.dll+0x77963d]
V  [jvm.dll+0x4de2fe]
V  [jvm.dll+0x4a2b10]
C  [jdwp.dll+0x751f]


siginfo: EXCEPTION_ACCESS_VIOLATION (0xc0000005), reading address 0x0000000000000006


Register to memory mapping:

RIP=0x00007fff4e9c9b5b jvm.dll
RAX=0x000000252a3febd0 is pointing into the stack for thread: 0x0000017bac9c2800
RBX=0x000000252a3feba0 is pointing into the stack for thread: 0x0000017bac9c2800
RCX=0x0 is NULL
RDX=0x0 is NULL
RSP=0x000000252a3feb40 is pointing into the stack for thread: 0x0000017bac9c2800
RBP=0x000000252a3ff0e0 is pointing into the stack for thread: 0x0000017bac9c2800
RSI=0x0 is NULL
RDI=0x0 is NULL
R8 =0x0 is NULL
R9 =0x0000017bb0144cf8 is pointing into metadata
R10=0x0000000800de0cc8 is a pointer to class: 
com.springboot.h2.ctrl.AdminController {0x0000000800de0cd0}
R11=0x0000017bad54b370 points into unknown readable memory: 00 00 00 47 01 00 00 47
R12=0x0000017bad54b340 points into unknown readable memory: 00 00 00 00 00 00 00 00
R13=0x0 is NULL
R14=0x00007fff4eba42f0 jvm.dll
R15=0x000000000000000a is an unknown value


Registers:
RAX=0x000000252a3febd0, RBX=0x000000252a3feba0, RCX=0x0000000000000000, RDX=0x0000000000000000
RSP=0x000000252a3feb40, RBP=0x000000252a3ff0e0, RSI=0x0000000000000000, RDI=0x0000000000000000
R8 =0x0000000000000000, R9 =0x0000017bb0144cf8, R10=0x0000000800de0cc8, R11=0x0000017bad54b370
R12=0x0000017bad54b340, R13=0x0000000000000000, R14=0x00007fff4eba42f0, R15=0x000000000000000a
RIP=0x00007fff4e9c9b5b, EFLAGS=0x0000000000010246

Top of Stack: (sp=0x000000252a3feb40)
0x000000252a3feb40:   000000252a3feba0 00007fff4e9cd6b5
0x000000252a3feb50:   0000017bac064790 00007fffa29e786b
0x000000252a3feb60:   0000000000000001 00007fff4e651b03
0x000000252a3feb70:   0000000000000000 000000252a3ff250
0x000000252a3feb80:   0000000000000004 0000000000000001
0x000000252a3feb90:   0000000000000000 0000017b89272ac0
0x000000252a3feba0:   00007fff4eba4290 0000000000000000
0x000000252a3febb0:   0000000000000000 0000017b0000000e
0x000000252a3febc0:   000000252a3febd0 0000017b00000000
0x000000252a3febd0:   0000000000000000 00007fff4e439b10
0x000000252a3febe0:   4fffffff4fffffff 0000000000000020
0x000000252a3febf0:   0000000000000018 0000000000000002
0x000000252a3fec00:   0000017bb0423e40 00007fff4e9cd6b5
0x000000252a3fec10:   0000017bac064790 0000017bad2cc1c0
0x000000252a3fec20:   0000017bac064790 00007fff4e9ca0bb
0x000000252a3fec30:   0000017bac97a910 00007fff4e8f230d 

Instructions: (pc=0x00007fff4e9c9b5b)
0x00007fff4e9c9a5b:   48 8b cb ff 50 30 ff 43 14 48 c1 ef 04 eb 86 48
0x00007fff4e9c9a6b:   8b 03 45 33 c0 33 d2 48 8b cb ff 50 48 ff 43 14
0x00007fff4e9c9a7b:   48 c1 ef 04 e9 6c ff ff ff 48 8b 03 48 8b cb ff
0x00007fff4e9c9a8b:   50 38 83 43 14 02 48 c1 ef 04 e9 56 ff ff ff 48
0x00007fff4e9c9a9b:   8b 03 48 8b cb ff 50 10 ff 43 14 48 c1 ef 04 e9
0x00007fff4e9c9aab:   41 ff ff ff 48 8b 03 48 8b cb ff 50 18 83 43 14
0x00007fff4e9c9abb:   02 48 c1 ef 04 e9 2b ff ff ff 48 8b 0d c4 06 3f
0x00007fff4e9c9acb:   00 48 8d 15 ed ae 22 00 e8 38 f4 f7 ff 48 8b 0d
0x00007fff4e9c9adb:   b1 06 3f 00 48 8d 15 f2 ae 22 00 4c 8b c6 e8 22
0x00007fff4e9c9aeb:   f4 f7 ff ba c2 00 00 00 48 8d 0d 66 ae 22 00 e8
0x00007fff4e9c9afb:   21 3e ba ff e8 1c cf f7 ff 48 c1 ef 04 e9 e3 fe
0x00007fff4e9c9b0b:   ff ff 0f 1f 00 11 9a 6a 00 22 9a 6a 00 34 9a 6a
0x00007fff4e9c9b1b:   00 46 9a 6a 00 58 9a 6a 00 84 9a 6a 00 9a 9a 6a
0x00007fff4e9c9b2b:   00 af 9a 6a 00 6a 9a 6a 00 c8 99 6a 00 cc cc cc
0x00007fff4e9c9b3b:   cc cc cc cc cc 40 53 48 83 ec 20 c7 41 10 00 00
0x00007fff4e9c9b4b:   00 00 48 8b d9 48 89 7c 24 38 48 8b 79 08 33 c9
0x00007fff4e9c9b5b:   80 7f 06 28 74 26 44 8d 49 28 8d 51 36 48 8d 0d
0x00007fff4e9c9b6b:   f1 ad 22 00 4c 8d 05 da ad 22 00 e8 25 3c ba ff
0x00007fff4e9c9b7b:   e8 a0 ce f7 ff 8b 4b 10 48 8b 7b 08 8d 41 01 48
0x00007fff4e9c9b8b:   63 c9 89 43 10 80 7c 39 07 29 0f 84 d3 00 00 00
0x00007fff4e9c9b9b:   48 89 74 24 30 44 8b c0 48 8d 35 56 64 95 ff 66
0x00007fff4e9c9bab:   0f 1f 44 00 00 49 63 c8 0f be 54 39 06 83 c2 be
0x00007fff4e9c9bbb:   83 fa 19 77 7b 48 63 ca 0f b6 8c 0e 1c 9d 6a 00
0x00007fff4e9c9bcb:   8b 94 8e 0c 9d 6a 00 48 03 d6 ff e2 41 8d 40 01
0x00007fff4e9c9bdb:   89 43 10 eb 74 48 63 c8 ff c0 89 43 10 44 8b c0
0x00007fff4e9c9beb:   80 7c 39 06 3b 75 ee eb 63 0f 1f 40 00 0f 1f 84
0x00007fff4e9c9bfb:   00 00 00 00 00 ff c0 48 63 c8 89 43 10 0f b6 54
0x00007fff4e9c9c0b:   39 06 80 fa 5b 74 ee 80 fa 4c 75 1d 66 0f 1f 84
0x00007fff4e9c9c1b:   00 00 00 00 00 48 63 c8 ff c0 89 43 10 44 8b c0
0x00007fff4e9c9c2b:   80 7c 39 06 3b 75 ee eb 23 ff c0 89 43 10 eb 19
0x00007fff4e9c9c3b:   ba f1 00 00 00 48 8d 0d 19 ad 22 00 e8 d4 3c ba
0x00007fff4e9c9c4b:   ff e8 cf cd f7 ff 8b 43 10 44 8b c0 49 63 c8 80 


Stack slot to memory mapping:
stack at sp + 0 slots: 0x000000252a3feba0 is pointing into the stack for thread: 0x0000017bac9c2800
stack at sp + 1 slots: 0x00007fff4e9cd6b5 jvm.dll
stack at sp + 2 slots: 0x0000017bac064790 points into unknown readable memory: 00 00 00 00 00 00 00 00
stack at sp + 3 slots: 0x00007fffa29e786b ntdll.dll
stack at sp + 4 slots: 0x0000000000000001 is an unknown value
stack at sp + 5 slots: 0x00007fff4e651b03 jvm.dll
stack at sp + 6 slots: 0x0 is NULL
stack at sp + 7 slots: 0x000000252a3ff250 is pointing into the stack for thread: 0x0000017bac9c2800


---------------  P R O C E S S  ---------------

Threads class SMR info:
_java_thread_list=0x0000017baec6b740, length=35, elements={
0x0000017bac061800, 0x0000017bac063800, 0x0000017bac884800, 0x0000017bac886800,
0x0000017bac889000, 0x0000017bac88e800, 0x0000017bac049000, 0x0000017bac9c2800,
0x0000017bac9c6000, 0x0000017bac9c7000, 0x0000017bac9df800, 0x0000017bad2b9800,
0x0000017bad2ee800, 0x0000017bad2b4800, 0x0000017bac8fd000, 0x0000017bae73d800,
0x0000017bae7d8800, 0x0000017bae5c6000, 0x0000017bae5c7000, 0x0000017bac945800,
0x0000017bac944800, 0x0000017bac946000, 0x0000017bac943800, 0x0000017bb0b4f800,
0x0000017bb0b56000, 0x0000017bb0b52800, 0x0000017bb0b50000, 0x0000017bb0b56800,
0x0000017bb0b51800, 0x0000017bb0b53800, 0x0000017bb0b54000, 0x0000017bb0b51000,
0x0000017bb0b5a000, 0x0000017bb0b57800, 0x0000017bb0b58800
}

Java Threads: ( => current thread )
  0x0000017bac061800 JavaThread "Reference Handler" daemon [_thread_blocked, id=2192, stack(0x0000002529c00000,0x0000002529d00000)]
  0x0000017bac063800 JavaThread "Finalizer" daemon [_thread_blocked, id=8536, stack(0x0000002529d00000,0x0000002529e00000)]
  0x0000017bac884800 JavaThread "Signal Dispatcher" daemon [_thread_blocked, id=8216, stack(0x0000002529e00000,0x0000002529f00000)]
  0x0000017bac886800 JavaThread "Attach Listener" daemon [_thread_blocked, id=13136, stack(0x0000002529f00000,0x000000252a000000)]
  0x0000017bac889000 JavaThread "C1 CompilerThread0" daemon [_thread_blocked, id=13524, stack(0x000000252a000000,0x000000252a100000)]
  0x0000017bac88e800 JavaThread "Sweeper thread" daemon [_thread_blocked, id=784, stack(0x000000252a100000,0x000000252a200000)]
  0x0000017bac049000 JavaThread "Common-Cleaner" daemon [_thread_blocked, id=9036, stack(0x000000252a200000,0x000000252a300000)]
=>0x0000017bac9c2800 JavaThread "JDWP Transport Listener: dt_socket" daemon [_thread_in_vm, id=15296, stack(0x000000252a300000,0x000000252a400000)]
  0x0000017bac9c6000 JavaThread "JDWP Event Helper Thread" daemon [_thread_blocked, id=11172, stack(0x000000252a400000,0x000000252a500000)]
  0x0000017bac9c7000 JavaThread "JDWP Command Reader" daemon [_thread_in_native, id=10212, stack(0x000000252a500000,0x000000252a600000)]
  0x0000017bac9df800 JavaThread "Service Thread" daemon [_thread_blocked, id=11620, stack(0x000000252a600000,0x000000252a700000)]
  0x0000017bad2b9800 JavaThread "RMI TCP Accept-0" daemon [_thread_in_native, id=5168, stack(0x000000252a700000,0x000000252a800000)]
  0x0000017bad2ee800 JavaThread "RMI TCP Accept-63788" daemon [_thread_in_native, id=12008, stack(0x000000252a800000,0x000000252a900000)]
  0x0000017bad2b4800 JavaThread "RMI TCP Accept-0" daemon [_thread_in_native, id=11328, stack(0x000000252a900000,0x000000252aa00000)]
  0x0000017bac8fd000 JavaThread "RMI Scheduler(0)" daemon [_thread_blocked, id=10668, stack(0x000000252ac00000,0x000000252ad00000)]
  0x0000017bae73d800 JavaThread "HikariPool-1 housekeeper" daemon [_thread_blocked, id=15184, stack(0x0000002529300000,0x0000002529400000)]
  0x0000017bae7d8800 JavaThread "Catalina-utility-1" [_thread_blocked, id=6268, stack(0x0000002529400000,0x0000002529500000)]
  0x0000017bae5c6000 JavaThread "Catalina-utility-2" [_thread_blocked, id=14140, stack(0x000000252ab00000,0x000000252ac00000)]
  0x0000017bae5c7000 JavaThread "container-0" [_thread_blocked, id=10296, stack(0x000000252ad00000,0x000000252ae00000)]
  0x0000017bac945800 JavaThread "http-nio-10090-BlockPoller" daemon [_thread_in_native, id=8544, stack(0x000000252b200000,0x000000252b300000)]
  0x0000017bac944800 JavaThread "http-nio-10090-exec-1" daemon [_thread_blocked, id=8196, stack(0x000000252b300000,0x000000252b400000)]
  0x0000017bac946000 JavaThread "http-nio-10090-exec-2" daemon [_thread_blocked, id=8984, stack(0x000000252b400000,0x000000252b500000)]
  0x0000017bac943800 JavaThread "http-nio-10090-exec-3" daemon [_thread_blocked, id=14360, stack(0x000000252b500000,0x000000252b600000)]
  0x0000017bb0b4f800 JavaThread "http-nio-10090-exec-4" daemon [_thread_blocked, id=14200, stack(0x000000252b600000,0x000000252b700000)]
  0x0000017bb0b56000 JavaThread "http-nio-10090-exec-5" daemon [_thread_blocked, id=12128, stack(0x000000252b700000,0x000000252b800000)]
  0x0000017bb0b52800 JavaThread "http-nio-10090-exec-6" daemon [_thread_blocked, id=9820, stack(0x000000252b800000,0x000000252b900000)]
  0x0000017bb0b50000 JavaThread "http-nio-10090-exec-7" daemon [_thread_blocked, id=6012, stack(0x000000252b900000,0x000000252ba00000)]
  0x0000017bb0b56800 JavaThread "http-nio-10090-exec-8" daemon [_thread_blocked, id=8012, stack(0x000000252ba00000,0x000000252bb00000)]
  0x0000017bb0b51800 JavaThread "http-nio-10090-exec-9" daemon [_thread_blocked, id=9196, stack(0x000000252bb00000,0x000000252bc00000)]
  0x0000017bb0b53800 JavaThread "http-nio-10090-exec-10" daemon [_thread_blocked, id=9120, stack(0x000000252bc00000,0x000000252bd00000)]
  0x0000017bb0b54000 JavaThread "http-nio-10090-ClientPoller" daemon [_thread_in_native, id=9048, stack(0x000000252bd00000,0x000000252be00000)]
  0x0000017bb0b51000 JavaThread "http-nio-10090-Acceptor" daemon [_thread_in_native, id=12760, stack(0x000000252be00000,0x000000252bf00000)]
  0x0000017bb0b5a000 JavaThread "DestroyJavaVM" [_thread_blocked, id=9740, stack(0x0000002529500000,0x0000002529600000)]
  0x0000017bb0b57800 JavaThread "RMI TCP Connection(5)-127.0.0.1" daemon [_thread_in_native, id=9344, stack(0x000000252bf00000,0x000000252c000000)]
  0x0000017bb0b58800 JavaThread "JMX server connection timeout 49" daemon [_thread_blocked, id=8376, stack(0x000000252c000000,0x000000252c100000)]

Other Threads:
  0x0000017bac05f800 VMThread "VM Thread" [stack: 0x0000002529b00000,0x0000002529c00000] [id=6740]
  0x0000017bad300000 WatcherThread [stack: 0x000000252aa00000,0x000000252ab00000] [id=11064]
  0x0000017b8b551800 GCTaskThread "GC Thread#0" [stack: 0x0000002529600000,0x0000002529700000] [id=3492]
  0x0000017bad1df800 GCTaskThread "GC Thread#1" [stack: 0x000000252ae00000,0x000000252af00000] [id=12772]
  0x0000017bad1e0000 GCTaskThread "GC Thread#2" [stack: 0x000000252af00000,0x000000252b000000] [id=1148]
  0x0000017bad1e1000 GCTaskThread "GC Thread#3" [stack: 0x000000252b000000,0x000000252b100000] [id=10996]
  0x0000017b8b56c000 ConcurrentGCThread "G1 Main Marker" [stack: 0x0000002529700000,0x0000002529800000] [id=12684]
  0x0000017b8b56d800 ConcurrentGCThread "G1 Conc#0" [stack: 0x0000002529800000,0x0000002529900000] [id=11872]
  0x0000017babed7800 ConcurrentGCThread "G1 Refine#0" [stack: 0x0000002529900000,0x0000002529a00000] [id=8556]
  0x0000017bac9dd000 ConcurrentGCThread "G1 Refine#1" [stack: 0x000000252b100000,0x000000252b200000] [id=9840]
  0x0000017babeda000 ConcurrentGCThread "G1 Young RemSet Sampling" [stack: 0x0000002529a00000,0x0000002529b00000] [id=7196]

Threads with active compile tasks:

VM state:not at safepoint (normal execution)

VM Mutex/Monitor currently owned by a thread: None

Heap address: 0x0000000741a00000, size: 3046 MB, Compressed Oops mode: Zero based, Oop shift amount: 3
Narrow klass base: 0x0000000800000000, Narrow klass shift: 3
Compressed class space size: 1073741824 Address: 0x0000000800b40000

Heap:
 garbage-first heap   total 122880K, used 34462K [0x0000000741a00000, 0x0000000800000000)
  region size 1024K, 13 young (13312K), 4 survivors (4096K)
 Metaspace       used 53942K, capacity 55564K, committed 55884K, reserved 1097728K
  class space    used 7352K, capacity 7965K, committed 8064K, reserved 1048576K
Heap Regions: E=young(eden), S=young(survivor), O=old, HS=humongous(starts), HC=humongous(continues), CS=collection set, F=free, A=archive, TAMS=top-at-mark-start (previous, next)
|   0|0x0000000741a00000, 0x0000000741b00000, 0x0000000741b00000|100%|HS|  |TAMS 0x0000000741b00000, 0x0000000741a00000| Complete 
|   1|0x0000000741b00000, 0x0000000741c00000, 0x0000000741c00000|100%| O|  |TAMS 0x0000000741c00000, 0x0000000741b00000| Untracked 
|   2|0x0000000741c00000, 0x0000000741d00000, 0x0000000741d00000|100%| O|  |TAMS 0x0000000741d00000, 0x0000000741c00000| Untracked 
|   3|0x0000000741d00000, 0x0000000741e00000, 0x0000000741e00000|100%| O|  |TAMS 0x0000000741e00000, 0x0000000741d00000| Untracked 
|   4|0x0000000741e00000, 0x0000000741f00000, 0x0000000741f00000|100%| O|  |TAMS 0x0000000741f00000, 0x0000000741e00000| Untracked 
|   5|0x0000000741f00000, 0x0000000742000000, 0x0000000742000000|100%| O|  |TAMS 0x0000000742000000, 0x0000000741f00000| Untracked 
|   6|0x0000000742000000, 0x0000000742081200, 0x0000000742100000| 50%| O|  |TAMS 0x0000000742081200, 0x0000000742000000| Untracked 
|   7|0x0000000742100000, 0x0000000742200000, 0x0000000742200000|100%| O|  |TAMS 0x0000000742200000, 0x0000000742100000| Untracked 
|   8|0x0000000742200000, 0x0000000742300000, 0x0000000742300000|100%| O|  |TAMS 0x0000000742300000, 0x0000000742200000| Untracked 
|   9|0x0000000742300000, 0x0000000742400000, 0x0000000742400000|100%| O|  |TAMS 0x0000000742400000, 0x0000000742300000| Untracked 
|  10|0x0000000742400000, 0x0000000742500000, 0x0000000742500000|100%| O|  |TAMS 0x0000000742500000, 0x0000000742400000| Untracked 
|  11|0x0000000742500000, 0x0000000742600000, 0x0000000742600000|100%| O|  |TAMS 0x0000000742600000, 0x0000000742500000| Untracked 
|  12|0x0000000742600000, 0x0000000742700000, 0x0000000742700000|100%| O|  |TAMS 0x0000000742700000, 0x0000000742600000| Untracked 
|  13|0x0000000742700000, 0x0000000742800000, 0x0000000742800000|100%| O|  |TAMS 0x0000000742800000, 0x0000000742700000| Untracked 
|  14|0x0000000742800000, 0x0000000742900000, 0x0000000742900000|100%| O|  |TAMS 0x0000000742900000, 0x0000000742800000| Untracked 
|  15|0x0000000742900000, 0x0000000742a00000, 0x0000000742a00000|100%| O|  |TAMS 0x0000000742a00000, 0x0000000742900000| Untracked 
|  16|0x0000000742a00000, 0x0000000742b00000, 0x0000000742b00000|100%| O|  |TAMS 0x0000000742b00000, 0x0000000742a00000| Untracked 
|  17|0x0000000742b00000, 0x0000000742c00000, 0x0000000742c00000|100%| O|  |TAMS 0x0000000742b2be00, 0x0000000742b00000| Untracked 
|  18|0x0000000742c00000, 0x0000000742d00000, 0x0000000742d00000|100%| O|  |TAMS 0x0000000742c00000, 0x0000000742c00000| Untracked 
|  19|0x0000000742d00000, 0x0000000742e00000, 0x0000000742e00000|100%| O|  |TAMS 0x0000000742d00000, 0x0000000742d00000| Untracked 
|  20|0x0000000742e00000, 0x0000000742f00000, 0x0000000742f00000|100%| O|  |TAMS 0x0000000742e00000, 0x0000000742e00000| Untracked 
|  21|0x0000000742f00000, 0x0000000743000000, 0x0000000743000000|100%| O|  |TAMS 0x0000000742f00000, 0x0000000742f00000| Untracked 
|  22|0x0000000743000000, 0x00000007430a7600, 0x0000000743100000| 65%| O|  |TAMS 0x0000000743000000, 0x0000000743000000| Untracked 
|  23|0x0000000743100000, 0x0000000743100000, 0x0000000743200000|  0%| F|  |TAMS 0x0000000743100000, 0x0000000743100000| Untracked 
|  24|0x0000000743200000, 0x0000000743200000, 0x0000000743300000|  0%| F|  |TAMS 0x0000000743200000, 0x0000000743200000| Untracked 
|  25|0x0000000743300000, 0x0000000743300000, 0x0000000743400000|  0%| F|  |TAMS 0x0000000743300000, 0x0000000743300000| Untracked 
|  26|0x0000000743400000, 0x0000000743400000, 0x0000000743500000|  0%| F|  |TAMS 0x0000000743400000, 0x0000000743400000| Untracked 
|  27|0x0000000743500000, 0x0000000743500000, 0x0000000743600000|  0%| F|  |TAMS 0x0000000743500000, 0x0000000743500000| Untracked 
|  28|0x0000000743600000, 0x0000000743600000, 0x0000000743700000|  0%| F|  |TAMS 0x0000000743600000, 0x0000000743600000| Untracked 
|  29|0x0000000743700000, 0x0000000743700000, 0x0000000743800000|  0%| F|  |TAMS 0x0000000743700000, 0x0000000743700000| Untracked 
|  30|0x0000000743800000, 0x0000000743800000, 0x0000000743900000|  0%| F|  |TAMS 0x0000000743800000, 0x0000000743800000| Untracked 
|  31|0x0000000743900000, 0x0000000743900000, 0x0000000743a00000|  0%| F|  |TAMS 0x0000000743900000, 0x0000000743900000| Untracked 
|  32|0x0000000743a00000, 0x0000000743a00000, 0x0000000743b00000|  0%| F|  |TAMS 0x0000000743a00000, 0x0000000743a00000| Untracked 
|  33|0x0000000743b00000, 0x0000000743b00000, 0x0000000743c00000|  0%| F|  |TAMS 0x0000000743b00000, 0x0000000743b00000| Untracked 
|  34|0x0000000743c00000, 0x0000000743c00000, 0x0000000743d00000|  0%| F|  |TAMS 0x0000000743c00000, 0x0000000743c00000| Untracked 
|  35|0x0000000743d00000, 0x0000000743d00000, 0x0000000743e00000|  0%| F|  |TAMS 0x0000000743d00000, 0x0000000743d00000| Untracked 
|  36|0x0000000743e00000, 0x0000000743e00000, 0x0000000743f00000|  0%| F|  |TAMS 0x0000000743e00000, 0x0000000743e00000| Untracked 
|  37|0x0000000743f00000, 0x0000000743f00000, 0x0000000744000000|  0%| F|  |TAMS 0x0000000743f00000, 0x0000000743f00000| Untracked 
|  38|0x0000000744000000, 0x0000000744000000, 0x0000000744100000|  0%| F|  |TAMS 0x0000000744000000, 0x0000000744000000| Untracked 
|  39|0x0000000744100000, 0x0000000744100000, 0x0000000744200000|  0%| F|  |TAMS 0x0000000744100000, 0x0000000744100000| Untracked 
|  40|0x0000000744200000, 0x0000000744200000, 0x0000000744300000|  0%| F|  |TAMS 0x0000000744200000, 0x0000000744200000| Untracked 
|  41|0x0000000744300000, 0x0000000744300000, 0x0000000744400000|  0%| F|  |TAMS 0x0000000744300000, 0x0000000744300000| Untracked 
|  42|0x0000000744400000, 0x0000000744400000, 0x0000000744500000|  0%| F|  |TAMS 0x0000000744400000, 0x0000000744400000| Untracked 
|  43|0x0000000744500000, 0x0000000744500000, 0x0000000744600000|  0%| F|  |TAMS 0x0000000744500000, 0x0000000744500000| Untracked 
|  44|0x0000000744600000, 0x0000000744600000, 0x0000000744700000|  0%| F|  |TAMS 0x0000000744600000, 0x0000000744600000| Untracked 
|  45|0x0000000744700000, 0x0000000744700000, 0x0000000744800000|  0%| F|  |TAMS 0x0000000744700000, 0x0000000744700000| Untracked 
|  46|0x0000000744800000, 0x0000000744800000, 0x0000000744900000|  0%| F|  |TAMS 0x0000000744800000, 0x0000000744800000| Untracked 
|  47|0x0000000744900000, 0x0000000744900000, 0x0000000744a00000|  0%| F|  |TAMS 0x0000000744900000, 0x0000000744900000| Untracked 
|  48|0x0000000744a00000, 0x0000000744a00000, 0x0000000744b00000|  0%| F|  |TAMS 0x0000000744a00000, 0x0000000744a00000| Untracked 
|  49|0x0000000744b00000, 0x0000000744b00000, 0x0000000744c00000|  0%| F|  |TAMS 0x0000000744b00000, 0x0000000744b00000| Untracked 
|  50|0x0000000744c00000, 0x0000000744c00000, 0x0000000744d00000|  0%| F|  |TAMS 0x0000000744c00000, 0x0000000744c00000| Untracked 
|  51|0x0000000744d00000, 0x0000000744d00000, 0x0000000744e00000|  0%| F|  |TAMS 0x0000000744d00000, 0x0000000744d00000| Untracked 
|  52|0x0000000744e00000, 0x0000000744e00000, 0x0000000744f00000|  0%| F|  |TAMS 0x0000000744e00000, 0x0000000744e00000| Untracked 
|  53|0x0000000744f00000, 0x0000000744f00000, 0x0000000745000000|  0%| F|  |TAMS 0x0000000744f00000, 0x0000000744f00000| Untracked 
|  54|0x0000000745000000, 0x0000000745000000, 0x0000000745100000|  0%| F|  |TAMS 0x0000000745000000, 0x0000000745000000| Untracked 
|  55|0x0000000745100000, 0x0000000745100000, 0x0000000745200000|  0%| F|  |TAMS 0x0000000745100000, 0x0000000745100000| Untracked 
|  56|0x0000000745200000, 0x0000000745200000, 0x0000000745300000|  0%| F|  |TAMS 0x0000000745200000, 0x0000000745200000| Untracked 
|  57|0x0000000745300000, 0x0000000745300000, 0x0000000745400000|  0%| F|  |TAMS 0x0000000745300000, 0x0000000745300000| Untracked 
|  58|0x0000000745400000, 0x0000000745400000, 0x0000000745500000|  0%| F|  |TAMS 0x0000000745400000, 0x0000000745400000| Untracked 
|  59|0x0000000745500000, 0x0000000745500000, 0x0000000745600000|  0%| F|  |TAMS 0x0000000745500000, 0x0000000745500000| Untracked 
|  60|0x0000000745600000, 0x0000000745600000, 0x0000000745700000|  0%| F|  |TAMS 0x0000000745600000, 0x0000000745600000| Untracked 
|  61|0x0000000745700000, 0x0000000745700000, 0x0000000745800000|  0%| F|  |TAMS 0x0000000745700000, 0x0000000745700000| Untracked 
|  62|0x0000000745800000, 0x000000074587f3e0, 0x0000000745900000| 49%| S|CS|TAMS 0x0000000745800000, 0x0000000745800000| Complete 
|  63|0x0000000745900000, 0x0000000745a00000, 0x0000000745a00000|100%| S|CS|TAMS 0x0000000745900000, 0x0000000745900000| Complete 
|  64|0x0000000745a00000, 0x0000000745a00000, 0x0000000745b00000|  0%| F|  |TAMS 0x0000000745a00000, 0x0000000745a00000| Untracked 
|  65|0x0000000745b00000, 0x0000000745b00000, 0x0000000745c00000|  0%| F|  |TAMS 0x0000000745b00000, 0x0000000745b00000| Untracked 
|  66|0x0000000745c00000, 0x0000000745c00000, 0x0000000745d00000|  0%| F|  |TAMS 0x0000000745c00000, 0x0000000745c00000| Untracked 
|  67|0x0000000745d00000, 0x0000000745d00000, 0x0000000745e00000|  0%| F|  |TAMS 0x0000000745d00000, 0x0000000745d00000| Untracked 
|  68|0x0000000745e00000, 0x0000000745e00000, 0x0000000745f00000|  0%| F|  |TAMS 0x0000000745e00000, 0x0000000745e00000| Untracked 
|  69|0x0000000745f00000, 0x0000000745f00000, 0x0000000746000000|  0%| F|  |TAMS 0x0000000745f00000, 0x0000000745f00000| Untracked 
|  70|0x0000000746000000, 0x0000000746100000, 0x0000000746100000|100%| S|CS|TAMS 0x0000000746000000, 0x0000000746000000| Complete 
|  71|0x0000000746100000, 0x0000000746200000, 0x0000000746200000|100%| S|CS|TAMS 0x0000000746100000, 0x0000000746100000| Complete 
|  72|0x0000000746200000, 0x0000000746200000, 0x0000000746300000|  0%| F|  |TAMS 0x0000000746200000, 0x0000000746200000| Untracked 
|  73|0x0000000746300000, 0x0000000746300000, 0x0000000746400000|  0%| F|  |TAMS 0x0000000746300000, 0x0000000746300000| Untracked 
|  74|0x0000000746400000, 0x0000000746400000, 0x0000000746500000|  0%| F|  |TAMS 0x0000000746400000, 0x0000000746400000| Untracked 
|  75|0x0000000746500000, 0x0000000746500000, 0x0000000746600000|  0%| F|  |TAMS 0x0000000746500000, 0x0000000746500000| Untracked 
|  76|0x0000000746600000, 0x0000000746600000, 0x0000000746700000|  0%| F|  |TAMS 0x0000000746600000, 0x0000000746600000| Untracked 
|  77|0x0000000746700000, 0x0000000746700000, 0x0000000746800000|  0%| F|  |TAMS 0x0000000746700000, 0x0000000746700000| Untracked 
|  78|0x0000000746800000, 0x0000000746800000, 0x0000000746900000|  0%| F|  |TAMS 0x0000000746800000, 0x0000000746800000| Untracked 
|  79|0x0000000746900000, 0x0000000746900000, 0x0000000746a00000|  0%| F|  |TAMS 0x0000000746900000, 0x0000000746900000| Untracked 
|  80|0x0000000746a00000, 0x0000000746a00000, 0x0000000746b00000|  0%| F|  |TAMS 0x0000000746a00000, 0x0000000746a00000| Untracked 
|  81|0x0000000746b00000, 0x0000000746b00000, 0x0000000746c00000|  0%| F|  |TAMS 0x0000000746b00000, 0x0000000746b00000| Untracked 
|  82|0x0000000746c00000, 0x0000000746c00000, 0x0000000746d00000|  0%| F|  |TAMS 0x0000000746c00000, 0x0000000746c00000| Untracked 
|  83|0x0000000746d00000, 0x0000000746d00000, 0x0000000746e00000|  0%| F|  |TAMS 0x0000000746d00000, 0x0000000746d00000| Untracked 
|  84|0x0000000746e00000, 0x0000000746e00000, 0x0000000746f00000|  0%| F|  |TAMS 0x0000000746e00000, 0x0000000746e00000| Untracked 
|  85|0x0000000746f00000, 0x0000000746f00000, 0x0000000747000000|  0%| F|  |TAMS 0x0000000746f00000, 0x0000000746f00000| Untracked 
|  86|0x0000000747000000, 0x0000000747000000, 0x0000000747100000|  0%| F|  |TAMS 0x0000000747000000, 0x0000000747000000| Untracked 
|  87|0x0000000747100000, 0x0000000747100000, 0x0000000747200000|  0%| F|  |TAMS 0x0000000747100000, 0x0000000747100000| Untracked 
|  88|0x0000000747200000, 0x0000000747200000, 0x0000000747300000|  0%| F|  |TAMS 0x0000000747200000, 0x0000000747200000| Untracked 
|  89|0x0000000747300000, 0x0000000747300000, 0x0000000747400000|  0%| F|  |TAMS 0x0000000747300000, 0x0000000747300000| Untracked 
|  90|0x0000000747400000, 0x0000000747400000, 0x0000000747500000|  0%| F|  |TAMS 0x0000000747400000, 0x0000000747400000| Untracked 
|  91|0x0000000747500000, 0x0000000747500000, 0x0000000747600000|  0%| F|  |TAMS 0x0000000747500000, 0x0000000747500000| Untracked 
|  92|0x0000000747600000, 0x0000000747600000, 0x0000000747700000|  0%| F|  |TAMS 0x0000000747600000, 0x0000000747600000| Untracked 
|  93|0x0000000747700000, 0x0000000747700000, 0x0000000747800000|  0%| F|  |TAMS 0x0000000747700000, 0x0000000747700000| Untracked 
|  94|0x0000000747800000, 0x0000000747800000, 0x0000000747900000|  0%| F|  |TAMS 0x0000000747800000, 0x0000000747800000| Untracked 
|  95|0x0000000747900000, 0x0000000747900000, 0x0000000747a00000|  0%| F|  |TAMS 0x0000000747900000, 0x0000000747900000| Untracked 
|  96|0x0000000747a00000, 0x0000000747a00000, 0x0000000747b00000|  0%| F|  |TAMS 0x0000000747a00000, 0x0000000747a00000| Untracked 
|  97|0x0000000747b00000, 0x0000000747b00000, 0x0000000747c00000|  0%| F|  |TAMS 0x0000000747b00000, 0x0000000747b00000| Untracked 
|  98|0x0000000747c00000, 0x0000000747c00000, 0x0000000747d00000|  0%| F|  |TAMS 0x0000000747c00000, 0x0000000747c00000| Untracked 
|  99|0x0000000747d00000, 0x0000000747d00000, 0x0000000747e00000|  0%| F|  |TAMS 0x0000000747d00000, 0x0000000747d00000| Untracked 
| 100|0x0000000747e00000, 0x0000000747e00000, 0x0000000747f00000|  0%| F|  |TAMS 0x0000000747e00000, 0x0000000747e00000| Untracked 
| 101|0x0000000747f00000, 0x0000000747f00000, 0x0000000748000000|  0%| F|  |TAMS 0x0000000747f00000, 0x0000000747f00000| Untracked 
| 102|0x0000000748000000, 0x0000000748000000, 0x0000000748100000|  0%| F|  |TAMS 0x0000000748000000, 0x0000000748000000| Untracked 
| 103|0x0000000748100000, 0x0000000748100000, 0x0000000748200000|  0%| F|  |TAMS 0x0000000748100000, 0x0000000748100000| Untracked 
| 104|0x0000000748200000, 0x0000000748200000, 0x0000000748300000|  0%| F|  |TAMS 0x0000000748200000, 0x0000000748200000| Untracked 
| 105|0x0000000748300000, 0x0000000748300000, 0x0000000748400000|  0%| F|  |TAMS 0x0000000748300000, 0x0000000748300000| Untracked 
| 106|0x0000000748400000, 0x0000000748400000, 0x0000000748500000|  0%| F|  |TAMS 0x0000000748400000, 0x0000000748400000| Untracked 
| 107|0x0000000748500000, 0x0000000748500000, 0x0000000748600000|  0%| F|  |TAMS 0x0000000748500000, 0x0000000748500000| Untracked 
| 108|0x0000000748600000, 0x0000000748600000, 0x0000000748700000|  0%| F|  |TAMS 0x0000000748600000, 0x0000000748600000| Untracked 
| 109|0x0000000748700000, 0x0000000748700000, 0x0000000748800000|  0%| F|  |TAMS 0x0000000748700000, 0x0000000748700000| Untracked 
| 110|0x0000000748800000, 0x0000000748800000, 0x0000000748900000|  0%| F|  |TAMS 0x0000000748800000, 0x0000000748800000| Untracked 
| 111|0x0000000748900000, 0x0000000748982488, 0x0000000748a00000| 50%| E|  |TAMS 0x0000000748900000, 0x0000000748900000| Complete 
| 112|0x0000000748a00000, 0x0000000748b00000, 0x0000000748b00000|100%| E|CS|TAMS 0x0000000748a00000, 0x0000000748a00000| Complete 
| 166|0x000000074c000000, 0x000000074c100000, 0x000000074c100000|100%| E|CS|TAMS 0x000000074c000000, 0x000000074c000000| Complete 
| 167|0x000000074c100000, 0x000000074c200000, 0x000000074c200000|100%| E|CS|TAMS 0x000000074c100000, 0x000000074c100000| Complete 
| 168|0x000000074c200000, 0x000000074c300000, 0x000000074c300000|100%| E|CS|TAMS 0x000000074c200000, 0x000000074c200000| Complete 
| 169|0x000000074c300000, 0x000000074c400000, 0x000000074c400000|100%| E|CS|TAMS 0x000000074c300000, 0x000000074c300000| Complete 
| 170|0x000000074c400000, 0x000000074c500000, 0x000000074c500000|100%| E|CS|TAMS 0x000000074c400000, 0x000000074c400000| Complete 
| 171|0x000000074c500000, 0x000000074c600000, 0x000000074c600000|100%| E|CS|TAMS 0x000000074c500000, 0x000000074c500000| Complete 
| 191|0x000000074d900000, 0x000000074da00000, 0x000000074da00000|100%| E|CS|TAMS 0x000000074d900000, 0x000000074d900000| Complete 

Card table byte_map: [0x0000017ba3000000,0x0000017ba3600000] _byte_map_base: 0x0000017b9f5f3000

Marking Bits (Prev, Next): (CMBitMap*) 0x0000017b8b553728, (CMBitMap*) 0x0000017b8b553768
 Prev Bits: [0x0000017ba3c00000, 0x0000017ba6b98000)
 Next Bits: [0x0000017ba6ba0000, 0x0000017ba9b38000)

Polling page: 0x0000017b894b0000

Metaspace:

Usage:
  Non-class:     46.48 MB capacity,    45.50 MB ( 98%) used,   820.14 KB (  2%) free+waste,   189.44 KB ( <1%) overhead. 
      Class:      7.78 MB capacity,     7.18 MB ( 92%) used,   520.66 KB (  7%) free+waste,    91.38 KB (  1%) overhead. 
       Both:     54.26 MB capacity,    52.68 MB ( 97%) used,     1.31 MB (  2%) free+waste,   280.81 KB ( <1%) overhead. 

Virtual space:
  Non-class space:       48.00 MB reserved,      46.70 MB ( 97%) committed 
      Class space:        1.00 GB reserved,       7.88 MB ( <1%) committed 
             Both:        1.05 GB reserved,      54.57 MB (  5%) committed 

Chunk freelists:
   Non-Class:  29.00 KB
       Class:  3.00 KB
        Both:  32.00 KB

MaxMetaspaceSize: 17179869184.00 GB
CompressedClassSpaceSize: 1.00 GB

CodeHeap 'non-profiled nmethods': size=238912Kb used=9494Kb max_used=9494Kb free=229418Kb
 bounds [0x0000017b940b0000, 0x0000017b94a00000, 0x0000017ba2a00000]
CodeHeap 'non-nmethods': size=6848Kb used=1400Kb max_used=1400Kb free=5447Kb
 bounds [0x0000017b93a00000, 0x0000017b93c70000, 0x0000017b940b0000]
 total_blobs=6205 nmethods=5296 adapters=539
 compilation: enabled
              stopped_count=0, restarted_count=0
 full_count=0

Compilation events (20 events):
Event: 638.228 Thread 0x0000017bac889000 5319       1       sun.rmi.server.LoaderHandler::getRMIContextClassLoader (7 bytes)
Event: 638.229 Thread 0x0000017bac889000 nmethod 5319 0x0000017b949f2310 code [0x0000017b949f24e0, 0x0000017b949f27a0]
Event: 641.193 Thread 0x0000017bac889000 5320   !   1       sun.nio.ch.NioSocketImpl::endWrite (58 bytes)
Event: 641.193 Thread 0x0000017bac889000 nmethod 5320 0x0000017b949f2990 code [0x0000017b949f2b60, 0x0000017b949f2fe0]
Event: 641.232 Thread 0x0000017bac889000 5321       1       com.sun.jmx.mbeanserver.MBeanServerDelegateImpl::getMBeanInfo (5 bytes)
Event: 641.232 Thread 0x0000017bac889000 nmethod 5321 0x0000017b949f3190 code [0x0000017b949f3320, 0x0000017b949f3458]
Event: 641.270 Thread 0x0000017bac889000 5322       1       java.util.TreeSet::size (10 bytes)
Event: 641.270 Thread 0x0000017bac889000 nmethod 5322 0x0000017b949f3510 code [0x0000017b949f36c0, 0x0000017b949f3830]
Event: 641.272 Thread 0x0000017bac889000 5323       1       java.util.Vector::<init> (7 bytes)
Event: 641.272 Thread 0x0000017bac889000 nmethod 5323 0x0000017b949f3890 code [0x0000017b949f3a40, 0x0000017b949f3bb0]
Event: 641.272 Thread 0x0000017bac889000 5324       1       java.util.Vector::<init> (7 bytes)
Event: 641.273 Thread 0x0000017bac889000 nmethod 5324 0x0000017b949f3c90 code [0x0000017b949f3e40, 0x0000017b949f3fb0]
Event: 641.273 Thread 0x0000017bac889000 5325       1       java.util.Vector::<init> (49 bytes)
Event: 641.273 Thread 0x0000017bac889000 nmethod 5325 0x0000017b949f4010 code [0x0000017b949f4220, 0x0000017b949f4800]
Event: 644.307 Thread 0x0000017bac889000 5326       1       java.io.ObjectInputStream$BlockDataInputStream::readFully (42 bytes)
Event: 644.308 Thread 0x0000017bac889000 nmethod 5326 0x0000017b949f4a90 code [0x0000017b949f4c60, 0x0000017b949f4ea0]
Event: 645.546 Thread 0x0000017bac889000 5327       1       sun.rmi.transport.ObjectEndpoint::hashCode (27 bytes)
Event: 645.546 Thread 0x0000017bac889000 nmethod 5327 0x0000017b949f5010 code [0x0000017b949f51c0, 0x0000017b949f5370]
Event: 645.546 Thread 0x0000017bac889000 5328       1       java.rmi.server.ObjID::hashCode (6 bytes)
Event: 645.546 Thread 0x0000017bac889000 nmethod 5328 0x0000017b949f5490 code [0x0000017b949f5620, 0x0000017b949f5758]

GC Heap History (20 events):
Event: 167.320 GC heap before
{Heap before GC invocations=11 (full 0):
 garbage-first heap   total 48128K, used 35419K [0x0000000741a00000, 0x0000000800000000)
  region size 1024K, 20 young (20480K), 2 survivors (2048K)
 Metaspace       used 31316K, capacity 32403K, committed 32512K, reserved 1077248K
  class space    used 4097K, capacity 4529K, committed 4608K, reserved 1048576K
}
Event: 167.324 GC heap after
{Heap after GC invocations=12 (full 0):
 garbage-first heap   total 48128K, used 17806K [0x0000000741a00000, 0x0000000800000000)
  region size 1024K, 3 young (3072K), 3 survivors (3072K)
 Metaspace       used 31316K, capacity 32403K, committed 32512K, reserved 1077248K
  class space    used 4097K, capacity 4529K, committed 4608K, reserved 1048576K
}
Event: 167.544 GC heap before
{Heap before GC invocations=12 (full 0):
 garbage-first heap   total 48128K, used 36238K [0x0000000741a00000, 0x0000000800000000)
  region size 1024K, 21 young (21504K), 3 survivors (3072K)
 Metaspace       used 34048K, capacity 35200K, committed 35328K, reserved 1079296K
  class space    used 4618K, capacity 5055K, committed 5120K, reserved 1048576K
}
Event: 167.549 GC heap after
{Heap after GC invocations=13 (full 0):
 garbage-first heap   total 48128K, used 18517K [0x0000000741a00000, 0x0000000800000000)
  region size 1024K, 2 young (2048K), 2 survivors (2048K)
 Metaspace       used 34048K, capacity 35200K, committed 35328K, reserved 1079296K
  class space    used 4618K, capacity 5055K, committed 5120K, reserved 1048576K
}
Event: 167.591 GC heap before
{Heap before GC invocations=13 (full 0):
 garbage-first heap   total 48128K, used 20565K [0x0000000741a00000, 0x0000000800000000)
  region size 1024K, 5 young (5120K), 2 survivors (2048K)
 Metaspace       used 34479K, capacity 35630K, committed 35840K, reserved 1079296K
  class space    used 4675K, capacity 5092K, committed 5120K, reserved 1048576K
}
Event: 167.596 GC heap after
{Heap after GC invocations=14 (full 0):
 garbage-first heap   total 48128K, used 18551K [0x0000000741a00000, 0x0000000800000000)
  region size 1024K, 2 young (2048K), 2 survivors (2048K)
 Metaspace       used 34479K, capacity 35630K, committed 35840K, reserved 1079296K
  class space    used 4675K, capacity 5092K, committed 5120K, reserved 1048576K
}
Event: 167.844 GC heap before
{Heap before GC invocations=15 (full 0):
 garbage-first heap   total 48128K, used 34935K [0x0000000741a00000, 0x0000000800000000)
  region size 1024K, 18 young (18432K), 2 survivors (2048K)
 Metaspace       used 37347K, capacity 38502K, committed 38732K, reserved 1083392K
  class space    used 5020K, capacity 5452K, committed 5504K, reserved 1048576K
}
Event: 167.849 GC heap after
{Heap after GC invocations=16 (full 0):
 garbage-first heap   total 48128K, used 19100K [0x0000000741a00000, 0x0000000800000000)
  region size 1024K, 2 young (2048K), 2 survivors (2048K)
 Metaspace       used 37347K, capacity 38502K, committed 38732K, reserved 1083392K
  class space    used 5020K, capacity 5452K, committed 5504K, reserved 1048576K
}
Event: 168.053 GC heap before
{Heap before GC invocations=16 (full 0):
 garbage-first heap   total 48128K, used 36508K [0x0000000741a00000, 0x0000000800000000)
  region size 1024K, 19 young (19456K), 2 survivors (2048K)
 Metaspace       used 40193K, capacity 41363K, committed 41420K, reserved 1085440K
  class space    used 5413K, capacity 5851K, committed 5888K, reserved 1048576K
}
Event: 168.059 GC heap after
{Heap after GC invocations=17 (full 0):
 garbage-first heap   total 48128K, used 19667K [0x0000000741a00000, 0x0000000800000000)
  region size 1024K, 2 young (2048K), 2 survivors (2048K)
 Metaspace       used 40193K, capacity 41363K, committed 41420K, reserved 1085440K
  class space    used 5413K, capacity 5851K, committed 5888K, reserved 1048576K
}
Event: 168.293 GC heap before
{Heap before GC invocations=17 (full 0):
 garbage-first heap   total 48128K, used 37075K [0x0000000741a00000, 0x0000000800000000)
  region size 1024K, 19 young (19456K), 2 survivors (2048K)
 Metaspace       used 42549K, capacity 43729K, committed 43852K, reserved 1087488K
  class space    used 5807K, capacity 6249K, committed 6272K, reserved 1048576K
}
Event: 168.298 GC heap after
{Heap after GC invocations=18 (full 0):
 garbage-first heap   total 48128K, used 20283K [0x0000000741a00000, 0x0000000800000000)
  region size 1024K, 2 young (2048K), 2 survivors (2048K)
 Metaspace       used 42549K, capacity 43729K, committed 43852K, reserved 1087488K
  class space    used 5807K, capacity 6249K, committed 6272K, reserved 1048576K
}
Event: 168.508 GC heap before
{Heap before GC invocations=18 (full 0):
 garbage-first heap   total 48128K, used 36667K [0x0000000741a00000, 0x0000000800000000)
  region size 1024K, 18 young (18432K), 2 survivors (2048K)
 Metaspace       used 43945K, capacity 45189K, committed 45388K, reserved 1087488K
  class space    used 6022K, capacity 6457K, committed 6528K, reserved 1048576K
}
Event: 168.516 GC heap after
{Heap after GC invocations=19 (full 0):
 garbage-first heap   total 122880K, used 21221K [0x0000000741a00000, 0x0000000800000000)
  region size 1024K, 3 young (3072K), 3 survivors (3072K)
 Metaspace       used 43945K, capacity 45189K, committed 45388K, reserved 1087488K
  class space    used 6022K, capacity 6457K, committed 6528K, reserved 1048576K
}
Event: 169.478 GC heap before
{Heap before GC invocations=19 (full 0):
 garbage-first heap   total 122880K, used 65253K [0x0000000741a00000, 0x0000000800000000)
  region size 1024K, 46 young (47104K), 3 survivors (3072K)
 Metaspace       used 47219K, capacity 48679K, committed 48972K, reserved 1091584K
  class space    used 6472K, capacity 6996K, committed 7040K, reserved 1048576K
}
Event: 169.488 GC heap after
{Heap after GC invocations=20 (full 0):
 garbage-first heap   total 122880K, used 23121K [0x0000000741a00000, 0x0000000800000000)
  region size 1024K, 4 young (4096K), 4 survivors (4096K)
 Metaspace       used 47219K, capacity 48679K, committed 48972K, reserved 1091584K
  class space    used 6472K, capacity 6996K, committed 7040K, reserved 1048576K
}
Event: 177.643 GC heap before
{Heap before GC invocations=20 (full 0):
 garbage-first heap   total 122880K, used 70225K [0x0000000741a00000, 0x0000000800000000)
  region size 1024K, 50 young (51200K), 4 survivors (4096K)
 Metaspace       used 50230K, capacity 51771K, committed 52044K, reserved 1093632K
  class space    used 6904K, capacity 7492K, committed 7552K, reserved 1048576K
}
Event: 177.660 GC heap after
{Heap after GC invocations=21 (full 0):
 garbage-first heap   total 122880K, used 25700K [0x0000000741a00000, 0x0000000800000000)
  region size 1024K, 6 young (6144K), 6 survivors (6144K)
 Metaspace       used 50230K, capacity 51771K, committed 52044K, reserved 1093632K
  class space    used 6904K, capacity 7492K, committed 7552K, reserved 1048576K
}
Event: 409.745 GC heap before
{Heap before GC invocations=21 (full 0):
 garbage-first heap   total 122880K, used 73828K [0x0000000741a00000, 0x0000000800000000)
  region size 1024K, 54 young (55296K), 6 survivors (6144K)
 Metaspace       used 53941K, capacity 55564K, committed 55884K, reserved 1097728K
  class space    used 7352K, capacity 7965K, committed 8064K, reserved 1048576K
}
Event: 409.774 GC heap after
{Heap after GC invocations=22 (full 0):
 garbage-first heap   total 122880K, used 26270K [0x0000000741a00000, 0x0000000800000000)
  region size 1024K, 4 young (4096K), 4 survivors (4096K)
 Metaspace       used 53941K, capacity 55564K, committed 55884K, reserved 1097728K
  class space    used 7352K, capacity 7965K, committed 8064K, reserved 1048576K
}

Deoptimization events (20 events):
Event: 644.311 Thread 0x0000017bb0b57800 DEOPT PACKING pc=0x0000017b942358fc sp=0x000000252bffe050
Event: 644.311 Thread 0x0000017bb0b57800 DEOPT UNPACKING pc=0x0000017b93a4964e sp=0x000000252bffd528 mode 1
Event: 644.311 Thread 0x0000017bb0b57800 DEOPT PACKING pc=0x0000017b9424c47c sp=0x000000252bffe0f0
Event: 644.311 Thread 0x0000017bb0b57800 DEOPT UNPACKING pc=0x0000017b93a4964e sp=0x000000252bffd6b0 mode 1
Event: 644.314 Thread 0x0000017bb0b57800 DEOPT PACKING pc=0x0000017b942358fc sp=0x000000252bffe050
Event: 644.314 Thread 0x0000017bb0b57800 DEOPT UNPACKING pc=0x0000017b93a4964e sp=0x000000252bffd528 mode 1
Event: 644.314 Thread 0x0000017bb0b57800 DEOPT PACKING pc=0x0000017b9424c47c sp=0x000000252bffe0f0
Event: 644.314 Thread 0x0000017bb0b57800 DEOPT UNPACKING pc=0x0000017b93a4964e sp=0x000000252bffd6b0 mode 1
Event: 644.314 Thread 0x0000017bb0b57800 DEOPT PACKING pc=0x0000017b942358fc sp=0x000000252bffe050
Event: 644.314 Thread 0x0000017bb0b57800 DEOPT UNPACKING pc=0x0000017b93a4964e sp=0x000000252bffd528 mode 1
Event: 644.314 Thread 0x0000017bb0b57800 DEOPT PACKING pc=0x0000017b9424c47c sp=0x000000252bffe0f0
Event: 644.314 Thread 0x0000017bb0b57800 DEOPT UNPACKING pc=0x0000017b93a4964e sp=0x000000252bffd6b0 mode 1
Event: 644.314 Thread 0x0000017bb0b57800 DEOPT PACKING pc=0x0000017b942358fc sp=0x000000252bffe050
Event: 644.314 Thread 0x0000017bb0b57800 DEOPT UNPACKING pc=0x0000017b93a4964e sp=0x000000252bffd528 mode 1
Event: 644.314 Thread 0x0000017bb0b57800 DEOPT PACKING pc=0x0000017b9424c47c sp=0x000000252bffe0f0
Event: 644.314 Thread 0x0000017bb0b57800 DEOPT UNPACKING pc=0x0000017b93a4964e sp=0x000000252bffd6b0 mode 1
Event: 644.314 Thread 0x0000017bb0b57800 DEOPT PACKING pc=0x0000017b942358fc sp=0x000000252bffe050
Event: 644.314 Thread 0x0000017bb0b57800 DEOPT UNPACKING pc=0x0000017b93a4964e sp=0x000000252bffd528 mode 1
Event: 644.314 Thread 0x0000017bb0b57800 DEOPT PACKING pc=0x0000017b9424c47c sp=0x000000252bffe0f0
Event: 644.314 Thread 0x0000017bb0b57800 DEOPT UNPACKING pc=0x0000017b93a4964e sp=0x000000252bffd6b0 mode 1

Classes unloaded (0 events):
No events

Classes redefined (2 events):
Event: 390.836 Thread 0x0000017bac05f800 redefined class name=com.springboot.h2.ctrl.AdminController, count=1
Event: 644.768 Thread 0x0000017bac05f800 redefined class name=com.springboot.h2.ctrl.AdminController, count=2

Internal exceptions (20 events):
Event: 644.308 Thread 0x0000017bb0b57800 Exception <a 'java/lang/ClassNotFoundException'{0x0000000748ae3148}: org/springframework/context/support/LiveBeansView> (0x0000000748ae3148) 
thrown [t:/workspace/open/src/hotspot/share/classfile/systemDictionary.cpp, line 232]
Event: 644.308 Thread 0x0000017bb0b57800 Exception <a 'java/lang/ClassNotFoundException'{0x0000000748ae34e8}: org/springframework/context/support/LiveBeansView> (0x0000000748ae34e8) 
thrown [t:/workspace/open/src/hotspot/share/classfile/systemDictionary.cpp, line 232]
Event: 644.309 Thread 0x0000017bb0b57800 Exception <a 'java/lang/ClassNotFoundException'{0x0000000748ae38a8}: org/springframework/context/support/LiveBeansView> (0x0000000748ae38a8) 
thrown [t:/workspace/open/src/hotspot/share/classfile/systemDictionary.cpp, line 232]
Event: 644.309 Thread 0x0000017bb0b57800 Exception <a 'java/lang/ClassNotFoundException'{0x0000000748ae3c60}: org/springframework/context/support/LiveBeansView> (0x0000000748ae3c60) 
thrown [t:/workspace/open/src/hotspot/share/classfile/systemDictionary.cpp, line 232]
Event: 644.309 Thread 0x0000017bb0b57800 Exception <a 'java/lang/ClassNotFoundException'{0x0000000748ae4010}: org/springframework/context/support/LiveBeansView> (0x0000000748ae4010) 
thrown [t:/workspace/open/src/hotspot/share/classfile/systemDictionary.cpp, line 232]
Event: 644.309 Thread 0x0000017bb0b57800 Exception <a 'java/lang/ClassNotFoundException'{0x0000000748ae43b8}: org/springframework/context/support/LiveBeansView> (0x0000000748ae43b8) 
thrown [t:/workspace/open/src/hotspot/share/classfile/systemDictionary.cpp, line 232]
Event: 644.309 Thread 0x0000017bb0b57800 Exception <a 'java/lang/ClassNotFoundException'{0x0000000748ae4778}: org/springframework/context/support/LiveBeansView> (0x0000000748ae4778) 
thrown [t:/workspace/open/src/hotspot/share/classfile/systemDictionary.cpp, line 232]
Event: 644.310 Thread 0x0000017bb0b57800 Exception <a 'java/lang/ClassNotFoundException'{0x0000000748ae4b20}: org/springframework/context/support/LiveBeansView> (0x0000000748ae4b20) 
thrown [t:/workspace/open/src/hotspot/share/classfile/systemDictionary.cpp, line 232]
Event: 644.310 Thread 0x0000017bb0b57800 Exception <a 'java/lang/ClassNotFoundException'{0x0000000748ae4ee0}: org/springframework/context/support/LiveBeansView> (0x0000000748ae4ee0) 
thrown [t:/workspace/open/src/hotspot/share/classfile/systemDictionary.cpp, line 232]
Event: 644.310 Thread 0x0000017bb0b57800 Exception <a 'java/lang/ClassNotFoundException'{0x0000000748ae5298}: org/springframework/context/support/LiveBeansView> (0x0000000748ae5298) 
thrown [t:/workspace/open/src/hotspot/share/classfile/systemDictionary.cpp, line 232]
Event: 644.310 Thread 0x0000017bb0b57800 Exception <a 'java/lang/ClassNotFoundException'{0x0000000748ae5648}: org/springframework/context/support/LiveBeansView> (0x0000000748ae5648) 
thrown [t:/workspace/open/src/hotspot/share/classfile/systemDictionary.cpp, line 232]
Event: 644.310 Thread 0x0000017bb0b57800 Exception <a 'java/lang/ClassNotFoundException'{0x0000000748ae5a08}: org/springframework/context/support/LiveBeansView> (0x0000000748ae5a08) 
thrown [t:/workspace/open/src/hotspot/share/classfile/systemDictionary.cpp, line 232]
Event: 644.310 Thread 0x0000017bb0b57800 Exception <a 'java/lang/ClassNotFoundException'{0x0000000748ae5dc8}: org/springframework/context/support/LiveBeansView> (0x0000000748ae5dc8) 
thrown [t:/workspace/open/src/hotspot/share/classfile/systemDictionary.cpp, line 232]
Event: 644.310 Thread 0x0000017bb0b57800 Exception <a 'java/lang/ClassNotFoundException'{0x0000000748ae6168}: org/springframework/context/support/LiveBeansView> (0x0000000748ae6168) 
thrown [t:/workspace/open/src/hotspot/share/classfile/systemDictionary.cpp, line 232]
Event: 644.310 Thread 0x0000017bb0b57800 Exception <a 'java/lang/ClassNotFoundException'{0x0000000748ae6520}: org/springframework/context/support/LiveBeansView> (0x0000000748ae6520) 
thrown [t:/workspace/open/src/hotspot/share/classfile/systemDictionary.cpp, line 232]
Event: 644.310 Thread 0x0000017bb0b57800 Exception <a 'java/lang/ClassNotFoundException'{0x0000000748ae68c8}: org/springframework/context/support/LiveBeansView> (0x0000000748ae68c8) 
thrown [t:/workspace/open/src/hotspot/share/classfile/systemDictionary.cpp, line 232]
Event: 644.314 Thread 0x0000017bb0b57800 Exception <a 'java/lang/ClassNotFoundException'{0x000000074891f290}: org/springframework/context/support/LiveBeansView> (0x000000074891f290) 
thrown [t:/workspace/open/src/hotspot/share/classfile/systemDictionary.cpp, line 232]
Event: 644.314 Thread 0x0000017bb0b57800 Exception <a 'java/lang/ClassNotFoundException'{0x000000074891f6e8}: org/springframework/context/support/LiveBeansView> (0x000000074891f6e8) 
thrown [t:/workspace/open/src/hotspot/share/classfile/systemDictionary.cpp, line 232]
Event: 644.314 Thread 0x0000017bb0b57800 Exception <a 'java/lang/ClassNotFoundException'{0x000000074891fa98}: org/springframework/context/support/LiveBeansView> (0x000000074891fa98) 
thrown [t:/workspace/open/src/hotspot/share/classfile/systemDictionary.cpp, line 232]
Event: 644.314 Thread 0x0000017bb0b57800 Exception <a 'java/lang/ClassNotFoundException'{0x000000074891fe48}: org/springframework/context/support/LiveBeansView> (0x000000074891fe48) 
thrown [t:/workspace/open/src/hotspot/share/classfile/systemDictionary.cpp, line 232]

Events (20 events):
Event: 645.224 Executing VM operation: GetOwnedMonitorInfo
Event: 645.224 Executing VM operation: GetOwnedMonitorInfo done
Event: 645.225 Executing VM operation: GetCurrentContendedMonitor
Event: 645.225 Executing VM operation: GetCurrentContendedMonitor done
Event: 645.225 Executing VM operation: GetFrameCount
Event: 645.225 Executing VM operation: GetFrameCount done
Event: 645.225 Executing VM operation: GetOwnedMonitorInfo
Event: 645.225 Executing VM operation: GetOwnedMonitorInfo done
Event: 645.226 Executing VM operation: GetCurrentContendedMonitor
Event: 645.226 Executing VM operation: GetCurrentContendedMonitor done
Event: 645.226 Executing VM operation: GetOwnedMonitorInfo
Event: 645.226 Executing VM operation: GetOwnedMonitorInfo done
Event: 645.226 Executing VM operation: GetCurrentContendedMonitor
Event: 645.226 Executing VM operation: GetCurrentContendedMonitor done
Event: 645.227 Executing VM operation: GetCurrentContendedMonitor
Event: 645.227 Executing VM operation: GetCurrentContendedMonitor done
Event: 645.227 Executing VM operation: GetOwnedMonitorInfo
Event: 645.227 Executing VM operation: GetOwnedMonitorInfo done
Event: 645.466 Executing VM operation: GetFrameLocation
Event: 645.466 Executing VM operation: GetFrameLocation done


Dynamic libraries:
0x00007ff76d380000 - 0x00007ff76d38f000 	C:\Program Files (x86)\Java\jdk-13.0.1\bin\javaw.exe
0x00007fffa29d0000 - 0x00007fffa2bc6000 	C:\WINDOWS\SYSTEM32\ntdll.dll
0x00007fffa20e0000 - 0x00007fffa219d000 	C:\WINDOWS\System32\KERNEL32.DLL
0x00007fffa03a0000 - 0x00007fffa0669000 	C:\WINDOWS\System32\KERNELBASE.dll
0x00007fffa07d0000 - 0x00007fffa08d0000 	C:\WINDOWS\System32\ucrtbase.dll
0x00007fff78e60000 - 0x00007fff78e78000 	C:\Program Files (x86)\Java\jdk-13.0.1\bin\jli.dll
0x00007fffa1580000 - 0x00007fffa162c000 	C:\WINDOWS\System32\ADVAPI32.dll
0x00007fffa1660000 - 0x00007fffa16fe000 	C:\WINDOWS\System32\msvcrt.dll
0x00007fffa2370000 - 0x00007fffa240c000 	C:\WINDOWS\System32\sechost.dll
0x00007fffa0a30000 - 0x00007fffa0b5b000 	C:\WINDOWS\System32\RPCRT4.dll
0x00007fffa21a0000 - 0x00007fffa2340000 	C:\WINDOWS\System32\USER32.dll
0x00007fffa0950000 - 0x00007fffa0972000 	C:\WINDOWS\System32\win32u.dll
0x00007fffa1630000 - 0x00007fffa165a000 	C:\WINDOWS\System32\GDI32.dll
0x00007fffa01f0000 - 0x00007fffa02f9000 	C:\WINDOWS\System32\gdi32full.dll
0x00007fffa0300000 - 0x00007fffa039d000 	C:\WINDOWS\System32\msvcp_win.dll
0x00007fff9bee0000 - 0x00007fff9bef5000 	C:\Program Files (x86)\Java\jdk-13.0.1\bin\VCRUNTIME140.dll
0x00007fff91110000 - 0x00007fff913ab000 	C:\WINDOWS\WinSxS\amd64_microsoft.windows.common-controls_6595b64144ccf1df_6.0.19041.488_none_ca04af081b815d21\COMCTL32.dll
0x00007fff97520000 - 0x00007fff9752a000 	C:\WINDOWS\SYSTEM32\VERSION.dll
0x00007fffa1e00000 - 0x00007fffa1e30000 	C:\WINDOWS\System32\IMM32.DLL
0x00007fff6a5b0000 - 0x00007fff6a64b000 	C:\Program Files (x86)\Java\jdk-13.0.1\bin\msvcp140.dll
0x00007fff4e320000 - 0x00007fff4ee86000 	C:\Program Files (x86)\Java\jdk-13.0.1\bin\server\jvm.dll
0x00007fffa2340000 - 0x00007fffa2348000 	C:\WINDOWS\System32\PSAPI.DLL
0x00007fff89190000 - 0x00007fff89199000 	C:\WINDOWS\SYSTEM32\WSOCK32.dll
0x00007fffa1be0000 - 0x00007fffa1c4b000 	C:\WINDOWS\System32\WS2_32.dll
0x00007fff95210000 - 0x00007fff95237000 	C:\WINDOWS\SYSTEM32\WINMM.dll
0x00007fff9e060000 - 0x00007fff9e072000 	C:\WINDOWS\SYSTEM32\kernel.appcore.dll
0x00007fff864d0000 - 0x00007fff864e0000 	C:\Program Files (x86)\Java\jdk-13.0.1\bin\verify.dll
0x00007fff8f300000 - 0x00007fff8f4e4000 	C:\WINDOWS\SYSTEM32\DBGHELP.DLL
0x00007fff8f2d0000 - 0x00007fff8f2fc000 	C:\WINDOWS\SYSTEM32\dbgcore.DLL
0x00007fffa08d0000 - 0x00007fffa0950000 	C:\WINDOWS\System32\bcryptPrimitives.dll
0x00007fff786f0000 - 0x00007fff78716000 	C:\Program Files (x86)\Java\jdk-13.0.1\bin\java.dll
0x00007fff6a8e0000 - 0x00007fff6a918000 	C:\Program Files (x86)\Java\jdk-13.0.1\bin\jdwp.dll
0x00007fff824d0000 - 0x00007fff824e7000 	C:\Program Files (x86)\Java\jdk-13.0.1\bin\zip.dll
0x00007fff83780000 - 0x00007fff8378a000 	C:\Program Files (x86)\Java\jdk-13.0.1\bin\jimage.dll
0x00007fffa0e20000 - 0x00007fffa1562000 	C:\WINDOWS\System32\SHELL32.dll
0x00007fff9e260000 - 0x00007fff9e9f5000 	C:\WINDOWS\SYSTEM32\windows.storage.dll
0x00007fffa24d0000 - 0x00007fffa2826000 	C:\WINDOWS\System32\combase.dll
0x00007fff9fb80000 - 0x00007fff9fbac000 	C:\WINDOWS\SYSTEM32\Wldp.dll
0x00007fffa1f00000 - 0x00007fffa1fae000 	C:\WINDOWS\System32\SHCORE.dll
0x00007fffa1700000 - 0x00007fffa1755000 	C:\WINDOWS\System32\shlwapi.dll
0x00007fffa0040000 - 0x00007fffa0066000 	C:\WINDOWS\SYSTEM32\profapi.dll
0x00007fff9bf00000 - 0x00007fff9bf0b000 	C:\Program Files (x86)\Java\jdk-13.0.1\bin\dt_socket.dll
0x00007fff9f900000 - 0x00007fff9f96a000 	C:\WINDOWS\system32\mswsock.dll
0x00007fff9f5e0000 - 0x00007fff9f6ab000 	C:\WINDOWS\SYSTEM32\DNSAPI.dll
0x00007fff9f5a0000 - 0x00007fff9f5db000 	C:\WINDOWS\SYSTEM32\IPHLPAPI.DLL
0x00007fffa1570000 - 0x00007fffa1578000 	C:\WINDOWS\System32\NSI.dll
0x00007fff94e20000 - 0x00007fff94e2a000 	C:\Windows\System32\rasadhlp.dll
0x00007fff95340000 - 0x00007fff953bf000 	C:\WINDOWS\System32\fwpuclnt.dll
0x00007fffa01c0000 - 0x00007fffa01e7000 	C:\WINDOWS\System32\bcrypt.dll
0x00007fff79b00000 - 0x00007fff79b19000 	C:\Program Files (x86)\Java\jdk-13.0.1\bin\net.dll
0x00007fff95240000 - 0x00007fff95340000 	C:\WINDOWS\SYSTEM32\WINHTTP.dll
0x00007fff78cc0000 - 0x00007fff78cd3000 	C:\Program Files (x86)\Java\jdk-13.0.1\bin\nio.dll
0x00007fff9ac20000 - 0x00007fff9ac29000 	C:\Program Files (x86)\Java\jdk-13.0.1\bin\management.dll
0x00007fff90b10000 - 0x00007fff90b1b000 	C:\Program Files (x86)\Java\jdk-13.0.1\bin\management_ext.dll
0x00007fff8d6f0000 - 0x00007fff8d707000 	C:\WINDOWS\system32\napinsp.dll
0x00007fff8b810000 - 0x00007fff8b82b000 	C:\WINDOWS\system32\pnrpnsp.dll
0x00007fff94d10000 - 0x00007fff94d25000 	C:\WINDOWS\system32\wshbth.dll
0x00007fff9be90000 - 0x00007fff9bead000 	C:\WINDOWS\system32\NLAapi.dll
0x00007fff8a790000 - 0x00007fff8a7a2000 	C:\WINDOWS\System32\winrnr.dll
0x00007fff9fad0000 - 0x00007fff9fae8000 	C:\WINDOWS\SYSTEM32\CRYPTSP.dll
0x00007fff9f220000 - 0x00007fff9f254000 	C:\WINDOWS\system32\rsaenh.dll
0x00007fff9ffc0000 - 0x00007fff9ffee000 	C:\WINDOWS\SYSTEM32\USERENV.dll
0x00007fff9faf0000 - 0x00007fff9fafc000 	C:\WINDOWS\SYSTEM32\CRYPTBASE.dll
0x00007fff97b10000 - 0x00007fff97b27000 	C:\WINDOWS\SYSTEM32\dhcpcsvc6.DLL
0x00007fff97af0000 - 0x00007fff97b0d000 	C:\WINDOWS\SYSTEM32\dhcpcsvc.DLL

dbghelp: loaded successfully - version: 4.0.5 - missing functions: none
symbol engine: initialized successfully - sym options: 0x614 - pdb path: .;C:\Program Files (x86)\Java\jdk-13.0.1\bin;C:\WINDOWS\SYSTEM32;C:\WINDOWS\WinSxS\amd64_microsoft.windows.common-controls_6595b64144ccf1df_6.0.19041.488_none_ca04af081b815d21;C:\Program Files (x86)\Java\jdk-13.0.1\bin\server

VM Arguments:
jvm_args: -agentlib:jdwp=transport=dt_socket,suspend=y,address=localhost:63790 -Dcom.sun.management.jmxremote -Dcom.sun.management.jmxremote.port=63788 -Dcom.sun.management.jmxremote.authenticate=false -Dcom.sun.management.jmxremote.ssl=false -Djava.rmi.server.hostname=localhost -Dspring.jmx.enabled=true -Dspring.application.admin.enabled=true -Xverify:none -XX:TieredStopAtLevel=1 -Dspring.boot.project.name=SpringbootH2Database -Dfile.encoding=UTF-8 
java_command: com.springboot.h2.Appmain
java_class_path (initial): D:\WorkSpace-Test\SpringbootH2Database\SpringbootH2Database\target\classes;C:\Users\Tushar mahajan\.p2\pool\plugins\org.junit_4.12.0.v201504281640\junit.jar;C:\Users\Tushar mahajan\.p2\pool\plugins\org.hamcrest.core_1.3.0.v20180420-1519.jar;C:\Users\Tushar mahajan\.m2\repository\org\springframework\boot\spring-boot-starter-web\2.2.2.RELEASE\spring-boot-starter-web-2.2.2.RELEASE.jar;C:\Users\Tushar mahajan\.m2\repository\org\springframework\boot\spring-boot-starter\2.2.2.RELEASE\spring-boot-starter-2.2.2.RELEASE.jar;C:\Users\Tushar mahajan\.m2\repository\org\springframework\boot\spring-boot\2.2.2.RELEASE\spring-boot-2.2.2.RELEASE.jar;C:\Users\Tushar mahajan\.m2\repository\org\springframework\boot\spring-boot-autoconfigure\2.2.2.RELEASE\spring-boot-autoconfigure-2.2.2.RELEASE.jar;C:\Users\Tushar mahajan\.m2\repository\org\springframework\boot\spring-boot-starter-logging\2.2.2.RELEASE\spring-boot-starter-logging-2.2.2.RELEASE.jar;C:\Users\Tushar mahajan\.m2\repository\ch\qos\logback\logback-classic\1.2.3\logback-classic-1.2.3.jar;C:\Users\Tushar mahajan\.m2\repository\ch\qos\logback\logback-core\1.2.3\logback-core-1.2.3.jar;C:\Users\Tushar mahajan\.m2\repository\org\apache\logging\log4j\log4j-to-slf4j\2.12.1\log4j-to-slf4j-2.12.1.jar;C:\Users\Tushar mahajan\.m2\repository\org\apache\logging\log4j\log4j-api\2.12.1\log4j-api-2.12.1.jar;C:\Users\Tushar mahajan\.m2\repository\org\slf4j\jul-to-slf4j\1.7.29\jul-to-slf4j-1.7.29.jar;C:\Users\Tushar mahajan\.m2\repository\jakarta\annotation\jakarta.annotation-api\1.3.5\jakarta.annotation-api-1.3.5.jar;C:\Users\Tushar mahajan\.m2\repository\org\yaml\snakeyaml\1.25\snakeyaml-1.25.jar;C:\Users\Tushar mahajan\.m2\repository\org\springframework\boot\spring-boot-starter-json\2.2.2.RELEASE\spring-boot-starter-json-2.2.2.RELEASE.jar;C:\Users\Tushar mahajan\.m2\repository\com\fasterxml\jackson\core\jackson-databind\2.10.1\jackson-databind-2.10.1.jar;C:\Users\Tushar mahajan\.m2\repository\com\fasterxml\jackso
Launcher Type: SUN_STANDARD

[Global flags]
     intx CICompilerCount                          = 3                                         {product} {ergonomic}
     uint ConcGCThreads                            = 1                                         {product} {ergonomic}
     uint G1ConcRefinementThreads                  = 4                                         {product} {ergonomic}
   size_t G1HeapRegionSize                         = 1048576                                   {product} {ergonomic}
    uintx GCDrainStackTargetSize                   = 64                                        {product} {ergonomic}
   size_t InitialHeapSize                          = 201326592                                 {product} {ergonomic}
     bool ManagementServer                         = true                                      {product} {command line}
   size_t MarkStackSize                            = 4194304                                   {product} {ergonomic}
   size_t MaxHeapSize                              = 3193962496                                {product} {ergonomic}
   size_t MaxNewSize                               = 1915748352                                {product} {ergonomic}
   size_t MinHeapDeltaBytes                        = 1048576                                   {product} {ergonomic}
   size_t MinHeapSize                              = 8388608                                   {product} {ergonomic}
    uintx NonNMethodCodeHeapSize                   = 6973028                                {pd product} {ergonomic}
    uintx NonProfiledCodeHeapSize                  = 244685212                              {pd product} {ergonomic}
    uintx ProfiledCodeHeapSize                     = 0                                      {pd product} {ergonomic}
    uintx ReservedCodeCacheSize                    = 251658240                              {pd product} {ergonomic}
     bool SegmentedCodeCache                       = true                                      {product} {ergonomic}
   size_t SoftMaxHeapSize                          = 3193962496                             {manageable} {ergonomic}
     intx TieredStopAtLevel                        = 1                                         {product} {command line}
     bool UseCompressedClassPointers               = true                                 {lp64_product} {ergonomic}
     bool UseCompressedOops                        = true                                 {lp64_product} {ergonomic}
     bool UseG1GC                                  = true                                      {product} {ergonomic}
     bool UseLargePagesIndividualAllocation        = false                                  {pd product} {ergonomic}

Logging:
Log output configuration:
 #0: stdout all=warning uptime,level,tags
 #1: stderr all=off uptime,level,tags

Environment Variables:
JAVA_HOME=C:\Program Files (x86)\Java\jdk-13.0.1\
PATH=C:/Program Files (x86)/Java/jdk-13.0.1/bin/server;C:/Program Files (x86)/Java/jdk-13.0.1/bin;C:\Python27\;C:\Python27\Scripts;C:\Program Files (x86)\Common Files\Oracle\Java\javapath;C:\WINDOWS\system32;C:\WINDOWS;C:\WINDOWS\System32\Wbem;C:\WINDOWS\System32\WindowsPowerShell\v1.0\;C:\WINDOWS\System32\OpenSSH\;C:\Program Files (x86)\Java\jdk-13.0.1\\bin;C:\Program Files\Git\cmd;C:\ProgramData\chocolatey\bin;D:\Soft-work\apache-maven-3.6.3-bin\apache-maven-3.6.3\bin;C:\Program Files\nodejs\;C:\Users\Tushar mahajan\AppData\Roaming\npm;C:\Program Files\TortoiseSVN\bin;;C:\Program Files\Docker\Docker\resources\bin;C:\ProgramData\DockerDesktop\version-bin;C:\Users\Tushar mahajan\AppData\Local\Microsoft\WindowsApps;C:\Users\Tushar mahajan\AppData\Local\Programs\Microsoft VS Code\bin;C:\Program Files\JetBrains\PyCharm Community Edition 2020.1\bin;;C:\Program Files\nodejs\node_modules\npm;C:\Program Files\nodejs\;C:\Users\Tushar mahajan\AppData\Roaming\npm;;C:\Users\Tushar mahajan\Desktop;
USERNAME=Tushar mahajan
OS=Windows_NT
PROCESSOR_IDENTIFIER=Intel64 Family 6 Model 69 Stepping 1, GenuineIntel



---------------  S Y S T E M  ---------------

OS: Windows 10 , 64 bit Build 19041 (10.0.19041.662)

CPU:total 4 (initial active 4) (2 cores per cpu, 2 threads per core) family 6 model 69 stepping 1, cmov, cx8, fxsr, mmx, sse, sse2, sse3, ssse3, sse4.1, sse4.2, popcnt, avx, avx2, aes, clmul, erms, lzcnt, ht, tsc, tscinvbit, bmi1, bmi2, fma

Memory: 4k page, system-wide physical 12180M (1666M free)
TotalPageFile size 17812M (AvailPageFile size 4369M)
current process WorkingSet (physical memory assigned to process): 226M, peak: 227M
current process commit charge ("private bytes"): 287M, peak: 307M

vm_info: Java HotSpot(TM) 64-Bit Server VM (13.0.1+9) for windows-amd64 JRE (13.0.1+9), built on Oct  6 2019 12:37:49 by "mach5one" with unknown MS VC++:1916

END.
